2025-07-17 10:01:33,876 - GilbarcoStartup - INFO - Starting Gilbarco SK700-II Control System
2025-07-17 10:01:33,876 - GilbarcoStartup - INFO - Configuration: {'API_HOST': '127.0.0.1', 'API_PORT': 3000, 'API_RELOAD': True, 'COMMAND_DELAY': 0.1, 'COM_PORT': '', 'DEFAULT_ADDRESS_RANGE': (1, 16), 'DEFAULT_BAUDRATE': 9600, 'DEFAULT_TIMEOUT': 1.0, 'DEFAULT_WRITE_TIMEOUT': 1.0, 'DISCOVERY_TIMEOUT': 2.0, 'LOG_FORMAT': '%(asctime)s - %(name)s - %(levelname)s - %(message)s', 'LOG_LEVEL': 'INFO', 'MAX_RETRIES': 5, 'MAX_WORKERS': 10, 'MONITOR_INTERVAL': 30, 'STATUS_HISTORY_SIZE': 100}
2025-07-17 10:01:33,877 - GilbarcoStartup - ERROR - Failed to import required modules: No module named 'uvicorn'
2025-07-17 10:01:33,877 - GilbarcoStartup - ERROR - Please install dependencies: pip install -r requirements.txt
2025-07-17 10:02:04,323 - GilbarcoStartup - INFO - Starting Gilbarco SK700-II Control System
2025-07-17 10:02:04,323 - GilbarcoStartup - INFO - Configuration: {'API_HOST': '127.0.0.1', 'API_PORT': 3000, 'API_RELOAD': True, 'COMMAND_DELAY': 0.1, 'COM_PORT': '', 'DEFAULT_ADDRESS_RANGE': (1, 16), 'DEFAULT_BAUDRATE': 9600, 'DEFAULT_TIMEOUT': 1.0, 'DEFAULT_WRITE_TIMEOUT': 1.0, 'DISCOVERY_TIMEOUT': 2.0, 'LOG_FORMAT': '%(asctime)s - %(name)s - %(levelname)s - %(message)s', 'LOG_LEVEL': 'INFO', 'MAX_RETRIES': 5, 'MAX_WORKERS': 10, 'MONITOR_INTERVAL': 30, 'STATUS_HISTORY_SIZE': 100}
2025-07-17 10:02:05,121 - GilbarcoStartup - INFO - === Starting Gilbarco SK700-II Control System ===
2025-07-17 10:02:05,121 - GilbarcoStartup - INFO - Startup time: 2025-07-17 10:02:05.121292
2025-07-17 10:02:05,121 - GilbarcoStartup - INFO - Configuration: {'API_HOST': '127.0.0.1', 'API_PORT': 3000, 'API_RELOAD': True, 'COMMAND_DELAY': 0.1, 'COM_PORT': '', 'DEFAULT_ADDRESS_RANGE': (1, 16), 'DEFAULT_BAUDRATE': 9600, 'DEFAULT_TIMEOUT': 1.0, 'DEFAULT_WRITE_TIMEOUT': 1.0, 'DISCOVERY_TIMEOUT': 2.0, 'LOG_FORMAT': '%(asctime)s - %(name)s - %(levelname)s - %(message)s', 'LOG_LEVEL': 'INFO', 'MAX_RETRIES': 5, 'MAX_WORKERS': 10, 'MONITOR_INTERVAL': 30, 'STATUS_HISTORY_SIZE': 100}
2025-07-17 10:02:05,121 - GilbarcoStartup - INFO - Initializing Pump Manager...
2025-07-17 10:02:05,121 - GilbarcoStartup - INFO - Pump Manager initialized successfully
2025-07-17 10:02:05,121 - GilbarcoStartup - INFO - System startup complete - API ready to serve requests
2025-07-17 10:02:05,121 - GilbarcoStartup - INFO - Swagger UI: http://localhost:3000/docs
2025-07-17 10:02:08,661 - GilbarcoStartup - INFO - === Shutting down Gilbarco SK700-II Control System ===
2025-07-17 10:02:08,661 - GilbarcoStartup - INFO - Shutting down Pump Manager...
2025-07-17 10:02:08,662 - PumpManager - INFO - Shutting down pump manager...
2025-07-17 10:02:08,662 - PumpManager - INFO - Disconnected from all COM ports
2025-07-17 10:02:08,662 - PumpManager - INFO - Pump manager shutdown complete
2025-07-17 10:02:08,663 - GilbarcoStartup - INFO - Pump Manager shutdown complete
2025-07-17 10:02:08,663 - GilbarcoStartup - INFO - System shutdown complete
2025-07-17 10:03:08,980 - SerialConnection-COM3 - ERROR - [COM3] Serial connection failed: [Errno 2] could not open port COM3: [Errno 2] No such file or directory: 'COM3'
2025-07-17 10:03:08,980 - SerialConnection-COM3 - ERROR - [COM3] Serial connection failed: [Errno 2] could not open port COM3: [Errno 2] No such file or directory: 'COM3'
2025-07-17 10:03:08,980 - SerialConnection-COM3 - ERROR - [COM3] Serial connection failed: [Errno 2] could not open port COM3: [Errno 2] No such file or directory: 'COM3'
2025-07-17 10:03:08,980 - SerialConnection-COM3 - ERROR - [COM3] Serial connection failed: [Errno 2] could not open port COM3: [Errno 2] No such file or directory: 'COM3'
2025-07-17 10:03:08,980 - SerialConnection-COM3 - ERROR - [COM3] Serial connection failed: [Errno 2] could not open port COM3: [Errno 2] No such file or directory: 'COM3'
2025-07-17 10:03:08,980 - SerialConnection-COM3 - ERROR - [COM3] Serial connection failed: [Errno 2] could not open port COM3: [Errno 2] No such file or directory: 'COM3'
2025-07-17 10:03:08,980 - SerialConnection-COM3 - ERROR - [COM3] Serial connection failed: [Errno 2] could not open port COM3: [Errno 2] No such file or directory: 'COM3'
2025-07-17 10:03:08,981 - SerialConnection-COM3 - ERROR - [COM3] Serial connection failed: [Errno 2] could not open port COM3: [Errno 2] No such file or directory: 'COM3'
2025-07-17 10:03:08,981 - SerialConnection-COM3 - ERROR - [COM3] Serial connection failed: [Errno 2] could not open port COM3: [Errno 2] No such file or directory: 'COM3'
2025-07-17 10:03:08,981 - SerialConnection-COM3 - ERROR - [COM3] Serial connection failed: [Errno 2] could not open port COM3: [Errno 2] No such file or directory: 'COM3'
2025-07-17 10:03:08,981 - SerialConnection-COM3 - ERROR - [COM3] Serial connection failed: [Errno 2] could not open port COM3: [Errno 2] No such file or directory: 'COM3'
2025-07-17 10:03:08,981 - SerialConnection-COM3 - ERROR - [COM3] Serial connection failed: [Errno 2] could not open port COM3: [Errno 2] No such file or directory: 'COM3'
2025-07-17 10:03:08,981 - SerialConnection-COM3 - ERROR - [COM3] Serial connection failed: [Errno 2] could not open port COM3: [Errno 2] No such file or directory: 'COM3'
2025-07-17 10:03:08,981 - SerialConnection-COM3 - ERROR - [COM3] Serial connection failed: [Errno 2] could not open port COM3: [Errno 2] No such file or directory: 'COM3'
2025-07-17 10:03:08,981 - SerialConnection-COM3 - ERROR - [COM3] Serial connection failed: [Errno 2] could not open port COM3: [Errno 2] No such file or directory: 'COM3'
2025-07-17 10:03:08,981 - SerialConnection-COM3 - ERROR - [COM3] Serial connection failed: [Errno 2] could not open port COM3: [Errno 2] No such file or directory: 'COM3'
2025-07-17 10:05:44,341 - SerialConnection-COM3 - ERROR - [COM3] Serial connection failed: [Errno 2] could not open port COM3: [Errno 2] No such file or directory: 'COM3'
2025-07-17 10:05:44,341 - SerialConnection-COM3 - ERROR - [COM3] Serial connection failed: [Errno 2] could not open port COM3: [Errno 2] No such file or directory: 'COM3'
2025-07-17 10:05:44,341 - SerialConnection-COM3 - ERROR - [COM3] Serial connection failed: [Errno 2] could not open port COM3: [Errno 2] No such file or directory: 'COM3'
2025-07-17 10:05:44,341 - SerialConnection-COM3 - ERROR - [COM3] Serial connection failed: [Errno 2] could not open port COM3: [Errno 2] No such file or directory: 'COM3'
2025-07-17 10:05:44,341 - SerialConnection-COM3 - ERROR - [COM3] Serial connection failed: [Errno 2] could not open port COM3: [Errno 2] No such file or directory: 'COM3'
2025-07-17 10:05:44,341 - SerialConnection-COM3 - ERROR - [COM3] Serial connection failed: [Errno 2] could not open port COM3: [Errno 2] No such file or directory: 'COM3'
2025-07-17 10:05:44,341 - SerialConnection-COM3 - ERROR - [COM3] Serial connection failed: [Errno 2] could not open port COM3: [Errno 2] No such file or directory: 'COM3'
2025-07-17 10:05:44,341 - SerialConnection-COM3 - ERROR - [COM3] Serial connection failed: [Errno 2] could not open port COM3: [Errno 2] No such file or directory: 'COM3'
2025-07-17 10:05:44,341 - SerialConnection-COM3 - ERROR - [COM3] Serial connection failed: [Errno 2] could not open port COM3: [Errno 2] No such file or directory: 'COM3'
2025-07-17 10:05:44,342 - SerialConnection-COM3 - ERROR - [COM3] Serial connection failed: [Errno 2] could not open port COM3: [Errno 2] No such file or directory: 'COM3'
2025-07-17 10:05:44,342 - SerialConnection-COM3 - ERROR - [COM3] Serial connection failed: [Errno 2] could not open port COM3: [Errno 2] No such file or directory: 'COM3'
2025-07-17 10:05:44,342 - SerialConnection-COM3 - ERROR - [COM3] Serial connection failed: [Errno 2] could not open port COM3: [Errno 2] No such file or directory: 'COM3'
2025-07-17 10:05:44,342 - SerialConnection-COM3 - ERROR - [COM3] Serial connection failed: [Errno 2] could not open port COM3: [Errno 2] No such file or directory: 'COM3'
2025-07-17 10:05:44,342 - SerialConnection-COM3 - ERROR - [COM3] Serial connection failed: [Errno 2] could not open port COM3: [Errno 2] No such file or directory: 'COM3'
2025-07-17 10:05:44,342 - SerialConnection-COM3 - ERROR - [COM3] Serial connection failed: [Errno 2] could not open port COM3: [Errno 2] No such file or directory: 'COM3'
2025-07-17 10:05:44,342 - SerialConnection-COM3 - ERROR - [COM3] Serial connection failed: [Errno 2] could not open port COM3: [Errno 2] No such file or directory: 'COM3'
2025-07-17 10:06:11,645 - SerialConnection-COM3 - ERROR - [COM3] Serial connection failed: [Errno 2] could not open port COM3: [Errno 2] No such file or directory: 'COM3'
2025-07-17 10:06:11,646 - SerialConnection-COM3 - ERROR - [COM3] Serial connection failed: [Errno 2] could not open port COM3: [Errno 2] No such file or directory: 'COM3'
2025-07-17 10:06:11,646 - SerialConnection-COM3 - ERROR - [COM3] Serial connection failed: [Errno 2] could not open port COM3: [Errno 2] No such file or directory: 'COM3'
2025-07-17 10:06:11,646 - SerialConnection-COM3 - ERROR - [COM3] Serial connection failed: [Errno 2] could not open port COM3: [Errno 2] No such file or directory: 'COM3'
2025-07-17 10:06:11,646 - SerialConnection-COM3 - ERROR - [COM3] Serial connection failed: [Errno 2] could not open port COM3: [Errno 2] No such file or directory: 'COM3'
2025-07-17 10:06:11,646 - SerialConnection-COM3 - ERROR - [COM3] Serial connection failed: [Errno 2] could not open port COM3: [Errno 2] No such file or directory: 'COM3'
2025-07-17 10:06:11,646 - SerialConnection-COM3 - ERROR - [COM3] Serial connection failed: [Errno 2] could not open port COM3: [Errno 2] No such file or directory: 'COM3'
2025-07-17 10:06:11,646 - SerialConnection-COM3 - ERROR - [COM3] Serial connection failed: [Errno 2] could not open port COM3: [Errno 2] No such file or directory: 'COM3'
2025-07-17 10:06:11,646 - SerialConnection-COM3 - ERROR - [COM3] Serial connection failed: [Errno 2] could not open port COM3: [Errno 2] No such file or directory: 'COM3'
2025-07-17 10:06:11,646 - SerialConnection-COM3 - ERROR - [COM3] Serial connection failed: [Errno 2] could not open port COM3: [Errno 2] No such file or directory: 'COM3'
2025-07-17 10:06:11,646 - SerialConnection-COM3 - ERROR - [COM3] Serial connection failed: [Errno 2] could not open port COM3: [Errno 2] No such file or directory: 'COM3'
2025-07-17 10:06:11,646 - SerialConnection-COM3 - ERROR - [COM3] Serial connection failed: [Errno 2] could not open port COM3: [Errno 2] No such file or directory: 'COM3'
2025-07-17 10:06:11,646 - SerialConnection-COM3 - ERROR - [COM3] Serial connection failed: [Errno 2] could not open port COM3: [Errno 2] No such file or directory: 'COM3'
2025-07-17 10:06:11,646 - SerialConnection-COM3 - ERROR - [COM3] Serial connection failed: [Errno 2] could not open port COM3: [Errno 2] No such file or directory: 'COM3'
2025-07-17 10:06:11,646 - SerialConnection-COM3 - ERROR - [COM3] Serial connection failed: [Errno 2] could not open port COM3: [Errno 2] No such file or directory: 'COM3'
2025-07-17 10:06:11,646 - SerialConnection-COM3 - ERROR - [COM3] Serial connection failed: [Errno 2] could not open port COM3: [Errno 2] No such file or directory: 'COM3'
2025-07-17 10:06:15,482 - SerialConnection-COM3 - ERROR - [COM3] Serial connection failed: [Errno 2] could not open port COM3: [Errno 2] No such file or directory: 'COM3'
2025-07-17 10:06:15,482 - SerialConnection-COM3 - ERROR - [COM3] Serial connection failed: [Errno 2] could not open port COM3: [Errno 2] No such file or directory: 'COM3'
2025-07-17 10:06:15,482 - SerialConnection-COM3 - ERROR - [COM3] Serial connection failed: [Errno 2] could not open port COM3: [Errno 2] No such file or directory: 'COM3'
2025-07-17 10:06:15,482 - SerialConnection-COM3 - ERROR - [COM3] Serial connection failed: [Errno 2] could not open port COM3: [Errno 2] No such file or directory: 'COM3'
2025-07-17 10:06:15,482 - SerialConnection-COM3 - ERROR - [COM3] Serial connection failed: [Errno 2] could not open port COM3: [Errno 2] No such file or directory: 'COM3'
2025-07-17 10:06:15,482 - SerialConnection-COM3 - ERROR - [COM3] Serial connection failed: [Errno 2] could not open port COM3: [Errno 2] No such file or directory: 'COM3'
2025-07-17 10:06:15,482 - SerialConnection-COM3 - ERROR - [COM3] Serial connection failed: [Errno 2] could not open port COM3: [Errno 2] No such file or directory: 'COM3'
2025-07-17 10:06:15,482 - SerialConnection-COM3 - ERROR - [COM3] Serial connection failed: [Errno 2] could not open port COM3: [Errno 2] No such file or directory: 'COM3'
2025-07-17 10:06:15,482 - SerialConnection-COM3 - ERROR - [COM3] Serial connection failed: [Errno 2] could not open port COM3: [Errno 2] No such file or directory: 'COM3'
2025-07-17 10:06:15,482 - SerialConnection-COM3 - ERROR - [COM3] Serial connection failed: [Errno 2] could not open port COM3: [Errno 2] No such file or directory: 'COM3'
2025-07-17 10:06:15,482 - SerialConnection-COM3 - ERROR - [COM3] Serial connection failed: [Errno 2] could not open port COM3: [Errno 2] No such file or directory: 'COM3'
2025-07-17 10:06:15,483 - SerialConnection-COM3 - ERROR - [COM3] Serial connection failed: [Errno 2] could not open port COM3: [Errno 2] No such file or directory: 'COM3'
2025-07-17 10:06:15,483 - SerialConnection-COM3 - ERROR - [COM3] Serial connection failed: [Errno 2] could not open port COM3: [Errno 2] No such file or directory: 'COM3'
2025-07-17 10:06:15,483 - SerialConnection-COM3 - ERROR - [COM3] Serial connection failed: [Errno 2] could not open port COM3: [Errno 2] No such file or directory: 'COM3'
2025-07-17 10:06:15,483 - SerialConnection-COM3 - ERROR - [COM3] Serial connection failed: [Errno 2] could not open port COM3: [Errno 2] No such file or directory: 'COM3'
2025-07-17 10:06:15,483 - SerialConnection-COM3 - ERROR - [COM3] Serial connection failed: [Errno 2] could not open port COM3: [Errno 2] No such file or directory: 'COM3'
2025-07-17 10:07:15,053 - SerialConnection-COM3 - ERROR - [COM3] Serial connection failed: [Errno 2] could not open port COM3: [Errno 2] No such file or directory: 'COM3'
2025-07-17 10:07:15,054 - SerialConnection-COM3 - ERROR - [COM3] Serial connection failed: [Errno 2] could not open port COM3: [Errno 2] No such file or directory: 'COM3'
2025-07-17 10:07:15,054 - SerialConnection-COM3 - ERROR - [COM3] Serial connection failed: [Errno 2] could not open port COM3: [Errno 2] No such file or directory: 'COM3'
2025-07-17 10:07:15,054 - SerialConnection-COM3 - ERROR - [COM3] Serial connection failed: [Errno 2] could not open port COM3: [Errno 2] No such file or directory: 'COM3'
2025-07-17 10:07:15,054 - SerialConnection-COM3 - ERROR - [COM3] Serial connection failed: [Errno 2] could not open port COM3: [Errno 2] No such file or directory: 'COM3'
2025-07-17 10:07:15,054 - SerialConnection-COM3 - ERROR - [COM3] Serial connection failed: [Errno 2] could not open port COM3: [Errno 2] No such file or directory: 'COM3'
2025-07-17 10:07:15,054 - SerialConnection-COM3 - ERROR - [COM3] Serial connection failed: [Errno 2] could not open port COM3: [Errno 2] No such file or directory: 'COM3'
2025-07-17 10:07:15,063 - SerialConnection-COM3 - ERROR - [COM3] Serial connection failed: [Errno 2] could not open port COM3: [Errno 2] No such file or directory: 'COM3'
2025-07-17 10:07:15,064 - SerialConnection-COM3 - ERROR - [COM3] Serial connection failed: [Errno 2] could not open port COM3: [Errno 2] No such file or directory: 'COM3'
2025-07-17 10:07:15,064 - SerialConnection-COM3 - ERROR - [COM3] Serial connection failed: [Errno 2] could not open port COM3: [Errno 2] No such file or directory: 'COM3'
2025-07-17 10:07:15,064 - SerialConnection-COM3 - ERROR - [COM3] Serial connection failed: [Errno 2] could not open port COM3: [Errno 2] No such file or directory: 'COM3'
2025-07-17 10:07:15,064 - SerialConnection-COM3 - ERROR - [COM3] Serial connection failed: [Errno 2] could not open port COM3: [Errno 2] No such file or directory: 'COM3'
2025-07-17 10:07:15,064 - SerialConnection-COM3 - ERROR - [COM3] Serial connection failed: [Errno 2] could not open port COM3: [Errno 2] No such file or directory: 'COM3'
2025-07-17 10:07:15,065 - SerialConnection-COM3 - ERROR - [COM3] Serial connection failed: [Errno 2] could not open port COM3: [Errno 2] No such file or directory: 'COM3'
2025-07-17 10:07:15,065 - SerialConnection-COM3 - ERROR - [COM3] Serial connection failed: [Errno 2] could not open port COM3: [Errno 2] No such file or directory: 'COM3'
2025-07-17 10:07:15,066 - SerialConnection-COM3 - ERROR - [COM3] Serial connection failed: [Errno 2] could not open port COM3: [Errno 2] No such file or directory: 'COM3'
2025-07-17 10:07:32,165 - SerialConnection-COM3 - ERROR - [COM3] Serial connection failed: [Errno 2] could not open port COM3: [Errno 2] No such file or directory: 'COM3'
2025-07-17 10:07:32,165 - SerialConnection-COM3 - ERROR - [COM3] Serial connection failed: [Errno 2] could not open port COM3: [Errno 2] No such file or directory: 'COM3'
2025-07-17 10:07:32,165 - SerialConnection-COM3 - ERROR - [COM3] Serial connection failed: [Errno 2] could not open port COM3: [Errno 2] No such file or directory: 'COM3'
2025-07-17 10:07:32,165 - SerialConnection-COM3 - ERROR - [COM3] Serial connection failed: [Errno 2] could not open port COM3: [Errno 2] No such file or directory: 'COM3'
2025-07-17 10:07:32,165 - SerialConnection-COM3 - ERROR - [COM3] Serial connection failed: [Errno 2] could not open port COM3: [Errno 2] No such file or directory: 'COM3'
2025-07-17 10:07:32,165 - SerialConnection-COM3 - ERROR - [COM3] Serial connection failed: [Errno 2] could not open port COM3: [Errno 2] No such file or directory: 'COM3'
2025-07-17 10:07:32,165 - SerialConnection-COM3 - ERROR - [COM3] Serial connection failed: [Errno 2] could not open port COM3: [Errno 2] No such file or directory: 'COM3'
2025-07-17 10:07:32,166 - SerialConnection-COM3 - ERROR - [COM3] Serial connection failed: [Errno 2] could not open port COM3: [Errno 2] No such file or directory: 'COM3'
2025-07-17 10:07:32,166 - SerialConnection-COM3 - ERROR - [COM3] Serial connection failed: [Errno 2] could not open port COM3: [Errno 2] No such file or directory: 'COM3'
2025-07-17 10:07:32,166 - SerialConnection-COM3 - ERROR - [COM3] Serial connection failed: [Errno 2] could not open port COM3: [Errno 2] No such file or directory: 'COM3'
2025-07-17 10:07:32,166 - SerialConnection-COM3 - ERROR - [COM3] Serial connection failed: [Errno 2] could not open port COM3: [Errno 2] No such file or directory: 'COM3'
2025-07-17 10:07:32,166 - SerialConnection-COM3 - ERROR - [COM3] Serial connection failed: [Errno 2] could not open port COM3: [Errno 2] No such file or directory: 'COM3'
2025-07-17 10:07:32,166 - SerialConnection-COM3 - ERROR - [COM3] Serial connection failed: [Errno 2] could not open port COM3: [Errno 2] No such file or directory: 'COM3'
2025-07-17 10:07:32,166 - SerialConnection-COM3 - ERROR - [COM3] Serial connection failed: [Errno 2] could not open port COM3: [Errno 2] No such file or directory: 'COM3'
2025-07-17 10:07:32,166 - SerialConnection-COM3 - ERROR - [COM3] Serial connection failed: [Errno 2] could not open port COM3: [Errno 2] No such file or directory: 'COM3'
2025-07-17 10:07:32,166 - SerialConnection-COM3 - ERROR - [COM3] Serial connection failed: [Errno 2] could not open port COM3: [Errno 2] No such file or directory: 'COM3'
2025-07-17 10:07:48,863 - SerialConnection-COM3 - ERROR - [COM3] Serial connection failed: [Errno 2] could not open port COM3: [Errno 2] No such file or directory: 'COM3'
2025-07-17 10:07:48,863 - SerialConnection-COM3 - ERROR - [COM3] Serial connection failed: [Errno 2] could not open port COM3: [Errno 2] No such file or directory: 'COM3'
2025-07-17 10:07:48,863 - SerialConnection-COM3 - ERROR - [COM3] Serial connection failed: [Errno 2] could not open port COM3: [Errno 2] No such file or directory: 'COM3'
2025-07-17 10:07:48,863 - SerialConnection-COM3 - ERROR - [COM3] Serial connection failed: [Errno 2] could not open port COM3: [Errno 2] No such file or directory: 'COM3'
2025-07-17 10:07:48,863 - SerialConnection-COM3 - ERROR - [COM3] Serial connection failed: [Errno 2] could not open port COM3: [Errno 2] No such file or directory: 'COM3'
2025-07-17 10:07:48,863 - SerialConnection-COM3 - ERROR - [COM3] Serial connection failed: [Errno 2] could not open port COM3: [Errno 2] No such file or directory: 'COM3'
2025-07-17 10:07:48,863 - SerialConnection-COM3 - ERROR - [COM3] Serial connection failed: [Errno 2] could not open port COM3: [Errno 2] No such file or directory: 'COM3'
2025-07-17 10:07:48,864 - SerialConnection-COM3 - ERROR - [COM3] Serial connection failed: [Errno 2] could not open port COM3: [Errno 2] No such file or directory: 'COM3'
2025-07-17 10:07:48,864 - SerialConnection-COM3 - ERROR - [COM3] Serial connection failed: [Errno 2] could not open port COM3: [Errno 2] No such file or directory: 'COM3'
2025-07-17 10:07:48,864 - SerialConnection-COM3 - ERROR - [COM3] Serial connection failed: [Errno 2] could not open port COM3: [Errno 2] No such file or directory: 'COM3'
2025-07-17 10:07:48,864 - SerialConnection-COM3 - ERROR - [COM3] Serial connection failed: [Errno 2] could not open port COM3: [Errno 2] No such file or directory: 'COM3'
2025-07-17 10:07:48,864 - SerialConnection-COM3 - ERROR - [COM3] Serial connection failed: [Errno 2] could not open port COM3: [Errno 2] No such file or directory: 'COM3'
2025-07-17 10:07:48,864 - SerialConnection-COM3 - ERROR - [COM3] Serial connection failed: [Errno 2] could not open port COM3: [Errno 2] No such file or directory: 'COM3'
2025-07-17 10:07:48,864 - SerialConnection-COM3 - ERROR - [COM3] Serial connection failed: [Errno 2] could not open port COM3: [Errno 2] No such file or directory: 'COM3'
2025-07-17 10:07:48,864 - SerialConnection-COM3 - ERROR - [COM3] Serial connection failed: [Errno 2] could not open port COM3: [Errno 2] No such file or directory: 'COM3'
2025-07-17 10:07:48,864 - SerialConnection-COM3 - ERROR - [COM3] Serial connection failed: [Errno 2] could not open port COM3: [Errno 2] No such file or directory: 'COM3'
2025-07-17 10:11:43,587 - SerialConnection-COM3 - ERROR - [COM3] Serial connection failed: [Errno 2] could not open port COM3: [Errno 2] No such file or directory: 'COM3'
2025-07-17 10:11:43,587 - SerialConnection-COM3 - ERROR - [COM3] Serial connection failed: [Errno 2] could not open port COM3: [Errno 2] No such file or directory: 'COM3'
2025-07-17 10:11:43,587 - SerialConnection-COM3 - ERROR - [COM3] Serial connection failed: [Errno 2] could not open port COM3: [Errno 2] No such file or directory: 'COM3'
2025-07-17 10:11:43,588 - SerialConnection-COM3 - ERROR - [COM3] Serial connection failed: [Errno 2] could not open port COM3: [Errno 2] No such file or directory: 'COM3'
2025-07-17 10:11:43,588 - SerialConnection-COM3 - ERROR - [COM3] Serial connection failed: [Errno 2] could not open port COM3: [Errno 2] No such file or directory: 'COM3'
2025-07-17 10:11:43,588 - SerialConnection-COM3 - ERROR - [COM3] Serial connection failed: [Errno 2] could not open port COM3: [Errno 2] No such file or directory: 'COM3'
2025-07-17 10:11:43,588 - SerialConnection-COM3 - ERROR - [COM3] Serial connection failed: [Errno 2] could not open port COM3: [Errno 2] No such file or directory: 'COM3'
2025-07-17 10:11:43,588 - SerialConnection-COM3 - ERROR - [COM3] Serial connection failed: [Errno 2] could not open port COM3: [Errno 2] No such file or directory: 'COM3'
2025-07-17 10:11:43,588 - SerialConnection-COM3 - ERROR - [COM3] Serial connection failed: [Errno 2] could not open port COM3: [Errno 2] No such file or directory: 'COM3'
2025-07-17 10:11:43,588 - SerialConnection-COM3 - ERROR - [COM3] Serial connection failed: [Errno 2] could not open port COM3: [Errno 2] No such file or directory: 'COM3'
2025-07-17 10:11:43,588 - SerialConnection-COM3 - ERROR - [COM3] Serial connection failed: [Errno 2] could not open port COM3: [Errno 2] No such file or directory: 'COM3'
2025-07-17 10:11:43,588 - SerialConnection-COM3 - ERROR - [COM3] Serial connection failed: [Errno 2] could not open port COM3: [Errno 2] No such file or directory: 'COM3'
2025-07-17 10:11:43,588 - SerialConnection-COM3 - ERROR - [COM3] Serial connection failed: [Errno 2] could not open port COM3: [Errno 2] No such file or directory: 'COM3'
2025-07-17 10:11:43,588 - SerialConnection-COM3 - ERROR - [COM3] Serial connection failed: [Errno 2] could not open port COM3: [Errno 2] No such file or directory: 'COM3'
2025-07-17 10:11:43,589 - SerialConnection-COM3 - ERROR - [COM3] Serial connection failed: [Errno 2] could not open port COM3: [Errno 2] No such file or directory: 'COM3'
2025-07-17 10:11:43,589 - SerialConnection-COM3 - ERROR - [COM3] Serial connection failed: [Errno 2] could not open port COM3: [Errno 2] No such file or directory: 'COM3'
2025-07-17 10:14:51,307 - SerialConnection-COM3 - ERROR - [COM3] Serial connection failed: [Errno 2] could not open port COM3: [Errno 2] No such file or directory: 'COM3'
2025-07-17 10:14:51,307 - SerialConnection-COM3 - ERROR - [COM3] Serial connection failed: [Errno 2] could not open port COM3: [Errno 2] No such file or directory: 'COM3'
2025-07-17 10:14:51,307 - SerialConnection-COM3 - ERROR - [COM3] Serial connection failed: [Errno 2] could not open port COM3: [Errno 2] No such file or directory: 'COM3'
2025-07-17 10:14:51,307 - SerialConnection-COM3 - ERROR - [COM3] Serial connection failed: [Errno 2] could not open port COM3: [Errno 2] No such file or directory: 'COM3'
2025-07-17 10:14:51,307 - SerialConnection-COM3 - ERROR - [COM3] Serial connection failed: [Errno 2] could not open port COM3: [Errno 2] No such file or directory: 'COM3'
2025-07-17 10:14:51,307 - SerialConnection-COM3 - ERROR - [COM3] Serial connection failed: [Errno 2] could not open port COM3: [Errno 2] No such file or directory: 'COM3'
2025-07-17 10:14:51,308 - SerialConnection-COM3 - ERROR - [COM3] Serial connection failed: [Errno 2] could not open port COM3: [Errno 2] No such file or directory: 'COM3'
2025-07-17 10:14:51,308 - SerialConnection-COM3 - ERROR - [COM3] Serial connection failed: [Errno 2] could not open port COM3: [Errno 2] No such file or directory: 'COM3'
2025-07-17 10:14:51,308 - SerialConnection-COM3 - ERROR - [COM3] Serial connection failed: [Errno 2] could not open port COM3: [Errno 2] No such file or directory: 'COM3'
2025-07-17 10:14:51,308 - SerialConnection-COM3 - ERROR - [COM3] Serial connection failed: [Errno 2] could not open port COM3: [Errno 2] No such file or directory: 'COM3'
2025-07-17 10:14:51,308 - SerialConnection-COM3 - ERROR - [COM3] Serial connection failed: [Errno 2] could not open port COM3: [Errno 2] No such file or directory: 'COM3'
2025-07-17 10:14:51,308 - SerialConnection-COM3 - ERROR - [COM3] Serial connection failed: [Errno 2] could not open port COM3: [Errno 2] No such file or directory: 'COM3'
2025-07-17 10:14:51,308 - SerialConnection-COM3 - ERROR - [COM3] Serial connection failed: [Errno 2] could not open port COM3: [Errno 2] No such file or directory: 'COM3'
2025-07-17 10:14:51,308 - SerialConnection-COM3 - ERROR - [COM3] Serial connection failed: [Errno 2] could not open port COM3: [Errno 2] No such file or directory: 'COM3'
2025-07-17 10:14:51,308 - SerialConnection-COM3 - ERROR - [COM3] Serial connection failed: [Errno 2] could not open port COM3: [Errno 2] No such file or directory: 'COM3'
2025-07-17 10:14:51,308 - SerialConnection-COM3 - ERROR - [COM3] Serial connection failed: [Errno 2] could not open port COM3: [Errno 2] No such file or directory: 'COM3'
2025-07-17 10:16:01,041 - SerialConnection-COM3 - ERROR - [COM3] Serial connection failed: [Errno 2] could not open port COM3: [Errno 2] No such file or directory: 'COM3'
2025-07-17 10:16:01,041 - SerialConnection-COM3 - ERROR - [COM3] Serial connection failed: [Errno 2] could not open port COM3: [Errno 2] No such file or directory: 'COM3'
2025-07-17 10:16:01,041 - SerialConnection-COM3 - ERROR - [COM3] Serial connection failed: [Errno 2] could not open port COM3: [Errno 2] No such file or directory: 'COM3'
2025-07-17 10:16:01,041 - SerialConnection-COM3 - ERROR - [COM3] Serial connection failed: [Errno 2] could not open port COM3: [Errno 2] No such file or directory: 'COM3'
2025-07-17 10:16:01,041 - SerialConnection-COM3 - ERROR - [COM3] Serial connection failed: [Errno 2] could not open port COM3: [Errno 2] No such file or directory: 'COM3'
2025-07-17 10:16:01,041 - SerialConnection-COM3 - ERROR - [COM3] Serial connection failed: [Errno 2] could not open port COM3: [Errno 2] No such file or directory: 'COM3'
2025-07-17 10:16:01,041 - SerialConnection-COM3 - ERROR - [COM3] Serial connection failed: [Errno 2] could not open port COM3: [Errno 2] No such file or directory: 'COM3'
2025-07-17 10:16:01,041 - SerialConnection-COM3 - ERROR - [COM3] Serial connection failed: [Errno 2] could not open port COM3: [Errno 2] No such file or directory: 'COM3'
2025-07-17 10:16:01,041 - SerialConnection-COM3 - ERROR - [COM3] Serial connection failed: [Errno 2] could not open port COM3: [Errno 2] No such file or directory: 'COM3'
2025-07-17 10:16:01,041 - SerialConnection-COM3 - ERROR - [COM3] Serial connection failed: [Errno 2] could not open port COM3: [Errno 2] No such file or directory: 'COM3'
2025-07-17 10:16:01,041 - SerialConnection-COM3 - ERROR - [COM3] Serial connection failed: [Errno 2] could not open port COM3: [Errno 2] No such file or directory: 'COM3'
2025-07-17 10:16:01,041 - SerialConnection-COM3 - ERROR - [COM3] Serial connection failed: [Errno 2] could not open port COM3: [Errno 2] No such file or directory: 'COM3'
2025-07-17 10:16:01,041 - SerialConnection-COM3 - ERROR - [COM3] Serial connection failed: [Errno 2] could not open port COM3: [Errno 2] No such file or directory: 'COM3'
2025-07-17 10:16:01,042 - SerialConnection-COM3 - ERROR - [COM3] Serial connection failed: [Errno 2] could not open port COM3: [Errno 2] No such file or directory: 'COM3'
2025-07-17 10:16:01,042 - SerialConnection-COM3 - ERROR - [COM3] Serial connection failed: [Errno 2] could not open port COM3: [Errno 2] No such file or directory: 'COM3'
2025-07-17 10:16:01,042 - SerialConnection-COM3 - ERROR - [COM3] Serial connection failed: [Errno 2] could not open port COM3: [Errno 2] No such file or directory: 'COM3'
2025-07-17 10:19:44,072 - SerialConnection-COM3 - ERROR - [COM3] Serial connection failed: [Errno 2] could not open port COM3: [Errno 2] No such file or directory: 'COM3'
2025-07-17 10:19:44,073 - SerialConnection-COM3 - ERROR - [COM3] Serial connection failed: [Errno 2] could not open port COM3: [Errno 2] No such file or directory: 'COM3'
2025-07-17 10:19:44,073 - SerialConnection-COM3 - ERROR - [COM3] Serial connection failed: [Errno 2] could not open port COM3: [Errno 2] No such file or directory: 'COM3'
2025-07-17 10:19:44,073 - SerialConnection-COM3 - ERROR - [COM3] Serial connection failed: [Errno 2] could not open port COM3: [Errno 2] No such file or directory: 'COM3'
2025-07-17 10:19:44,073 - SerialConnection-COM3 - ERROR - [COM3] Serial connection failed: [Errno 2] could not open port COM3: [Errno 2] No such file or directory: 'COM3'
2025-07-17 10:19:44,073 - SerialConnection-COM3 - ERROR - [COM3] Serial connection failed: [Errno 2] could not open port COM3: [Errno 2] No such file or directory: 'COM3'
2025-07-17 10:19:44,073 - SerialConnection-COM3 - ERROR - [COM3] Serial connection failed: [Errno 2] could not open port COM3: [Errno 2] No such file or directory: 'COM3'
2025-07-17 10:19:44,073 - SerialConnection-COM3 - ERROR - [COM3] Serial connection failed: [Errno 2] could not open port COM3: [Errno 2] No such file or directory: 'COM3'
2025-07-17 10:19:44,073 - SerialConnection-COM3 - ERROR - [COM3] Serial connection failed: [Errno 2] could not open port COM3: [Errno 2] No such file or directory: 'COM3'
2025-07-17 10:19:44,073 - SerialConnection-COM3 - ERROR - [COM3] Serial connection failed: [Errno 2] could not open port COM3: [Errno 2] No such file or directory: 'COM3'
2025-07-17 10:19:44,073 - SerialConnection-COM3 - ERROR - [COM3] Serial connection failed: [Errno 2] could not open port COM3: [Errno 2] No such file or directory: 'COM3'
2025-07-17 10:19:44,073 - SerialConnection-COM3 - ERROR - [COM3] Serial connection failed: [Errno 2] could not open port COM3: [Errno 2] No such file or directory: 'COM3'
2025-07-17 10:19:44,073 - SerialConnection-COM3 - ERROR - [COM3] Serial connection failed: [Errno 2] could not open port COM3: [Errno 2] No such file or directory: 'COM3'
2025-07-17 10:19:44,073 - SerialConnection-COM3 - ERROR - [COM3] Serial connection failed: [Errno 2] could not open port COM3: [Errno 2] No such file or directory: 'COM3'
2025-07-17 10:19:44,073 - SerialConnection-COM3 - ERROR - [COM3] Serial connection failed: [Errno 2] could not open port COM3: [Errno 2] No such file or directory: 'COM3'
2025-07-17 10:19:44,073 - SerialConnection-COM3 - ERROR - [COM3] Serial connection failed: [Errno 2] could not open port COM3: [Errno 2] No such file or directory: 'COM3'
